<?xml version="1.0" encoding="UTF-8"?>
<coverage generated="1726947915209" clover="3.2.0">
  <project timestamp="1726947915210" name="All files">
    <metrics statements="41" coveredstatements="39" conditionals="10" coveredconditionals="4" methods="5" coveredmethods="3" elements="56" coveredelements="46" complexity="0" loc="41" ncloc="41" packages="3" files="7" classes="7"/>
    <package name="components.ThirdParty.ShadCn.Alert">
      <metrics statements="17" coveredstatements="15" conditionals="0" coveredconditionals="0" methods="3" coveredmethods="1"/>
      <file name="component.tsx" path="C:\Users\harol\projects\madrox\madrox\src\components\ThirdParty\ShadCn\Alert\component.tsx">
        <metrics statements="13" coveredstatements="11" conditionals="0" coveredconditionals="0" methods="3" coveredmethods="1"/>
        <line num="1" count="1" type="stmt"/>
        <line num="3" count="1" type="stmt"/>
        <line num="4" count="1" type="stmt"/>
        <line num="6" count="1" type="stmt"/>
        <line num="9" count="3" type="stmt"/>
        <line num="17" count="1" type="stmt"/>
        <line num="19" count="1" type="stmt"/>
        <line num="22" count="0" type="stmt"/>
        <line num="29" count="1" type="stmt"/>
        <line num="31" count="1" type="stmt"/>
        <line num="34" count="0" type="stmt"/>
        <line num="41" count="1" type="stmt"/>
        <line num="43" count="1" type="stmt"/>
      </file>
      <file name="index.ts" path="C:\Users\harol\projects\madrox\madrox\src\components\ThirdParty\ShadCn\Alert\index.ts">
        <metrics statements="2" coveredstatements="2" conditionals="0" coveredconditionals="0" methods="0" coveredmethods="0"/>
        <line num="1" count="1" type="stmt"/>
        <line num="2" count="1" type="stmt"/>
      </file>
      <file name="variants.tsx" path="C:\Users\harol\projects\madrox\madrox\src\components\ThirdParty\ShadCn\Alert\variants.tsx">
        <metrics statements="2" coveredstatements="2" conditionals="0" coveredconditionals="0" methods="0" coveredmethods="0"/>
        <line num="1" count="1" type="stmt"/>
        <line num="3" count="1" type="stmt"/>
      </file>
    </package>
    <package name="components.ThirdParty.ShadCn.Button">
      <metrics statements="20" coveredstatements="20" conditionals="10" coveredconditionals="4" methods="1" coveredmethods="1"/>
      <file name="component.tsx" path="C:\Users\harol\projects\madrox\madrox\src\components\ThirdParty\ShadCn\Button\component.tsx">
        <metrics statements="16" coveredstatements="16" conditionals="10" coveredconditionals="4" methods="1" coveredmethods="1"/>
        <line num="1" count="1" type="stmt"/>
        <line num="2" count="1" type="stmt"/>
        <line num="4" count="1" type="stmt"/>
        <line num="5" count="1" type="stmt"/>
        <line num="25" count="1" type="stmt"/>
        <line num="31" count="18" type="stmt"/>
        <line num="32" count="18" type="stmt"/>
        <line num="33" count="18" type="stmt"/>
        <line num="34" count="18" type="cond" truecount="1" falsecount="1"/>
        <line num="35" count="18" type="stmt"/>
        <line num="36" count="18" type="stmt"/>
        <line num="37" count="18" type="stmt"/>
        <line num="41" count="18" type="cond" truecount="1" falsecount="1"/>
        <line num="42" count="18" type="stmt"/>
        <line num="63" count="1" type="stmt"/>
        <line num="65" count="1" type="stmt"/>
      </file>
      <file name="index.ts" path="C:\Users\harol\projects\madrox\madrox\src\components\ThirdParty\ShadCn\Button\index.ts">
        <metrics statements="2" coveredstatements="2" conditionals="0" coveredconditionals="0" methods="0" coveredmethods="0"/>
        <line num="1" count="1" type="stmt"/>
        <line num="2" count="1" type="stmt"/>
      </file>
      <file name="variants.tsx" path="C:\Users\harol\projects\madrox\madrox\src\components\ThirdParty\ShadCn\Button\variants.tsx">
        <metrics statements="2" coveredstatements="2" conditionals="0" coveredconditionals="0" methods="0" coveredmethods="0"/>
        <line num="1" count="1" type="stmt"/>
        <line num="3" count="1" type="stmt"/>
      </file>
    </package>
    <package name="lib">
      <metrics statements="4" coveredstatements="4" conditionals="0" coveredconditionals="0" methods="1" coveredmethods="1"/>
      <file name="utils.tsx" path="C:\Users\harol\projects\madrox\madrox\src\lib\utils.tsx">
        <metrics statements="4" coveredstatements="4" conditionals="0" coveredconditionals="0" methods="1" coveredmethods="1"/>
        <line num="1" count="2" type="stmt"/>
        <line num="2" count="2" type="stmt"/>
        <line num="4" count="66" type="stmt"/>
        <line num="5" count="21" type="stmt"/>
      </file>
    </package>
  </project>
</coverage>
