{"C:\\Users\\harol\\projects\\madrox\\madrox\\src\\components\\ThirdParty\\ShadCn\\Alert\\component.tsx": {"path":"C:\\Users\\harol\\projects\\madrox\\madrox\\src\\components\\ThirdParty\\ShadCn\\Alert\\component.tsx","statementMap":{"0":{"start":{"line":1,"column":0},"end":{"line":1,"column":30}},"1":{"start":{"line":3,"column":0},"end":{"line":3,"column":33}},"2":{"start":{"line":4,"column":0},"end":{"line":4,"column":32}},"3":{"start":{"line":6,"column":14},"end":{"line":16,"column":2}},"4":{"start":{"line":9,"column":14},"end":{"line":9,"column":16}},"5":{"start":{"line":9,"column":23},"end":{"line":9,"column":28}},"6":{"start":{"line":9,"column":33},"end":{"line":9,"column":37}},"7":{"start":{"line":9,"column":45},"end":{"line":16,"column":2}},"8":{"start":{"line":43,"column":9},"end":{"line":43,"column":14}},"9":{"start":{"line":17,"column":0},"end":{"line":17,"column":null}},"10":{"start":{"line":19,"column":19},"end":{"line":28,"column":2}},"11":{"start":{"line":22,"column":14},"end":{"line":22,"column":19}},"12":{"start":{"line":22,"column":24},"end":{"line":22,"column":28}},"13":{"start":{"line":22,"column":36},"end":{"line":28,"column":2}},"14":{"start":{"line":43,"column":16},"end":{"line":43,"column":26}},"15":{"start":{"line":29,"column":0},"end":{"line":29,"column":null}},"16":{"start":{"line":31,"column":25},"end":{"line":40,"column":2}},"17":{"start":{"line":34,"column":14},"end":{"line":34,"column":19}},"18":{"start":{"line":34,"column":24},"end":{"line":34,"column":28}},"19":{"start":{"line":34,"column":36},"end":{"line":40,"column":2}},"20":{"start":{"line":43,"column":28},"end":{"line":43,"column":44}},"21":{"start":{"line":41,"column":0},"end":{"line":41,"column":null}}},"fnMap":{"0":{"name":"(anonymous_9)","decl":{"start":{"line":9,"column":2},"end":{"line":9,"column":3}},"loc":{"start":{"line":9,"column":40},"end":{"line":16,"column":2}}},"1":{"name":"(anonymous_10)","decl":{"start":{"line":22,"column":2},"end":{"line":22,"column":3}},"loc":{"start":{"line":22,"column":31},"end":{"line":28,"column":2}}},"2":{"name":"(anonymous_11)","decl":{"start":{"line":34,"column":2},"end":{"line":34,"column":3}},"loc":{"start":{"line":34,"column":31},"end":{"line":40,"column":2}}}},"branchMap":{},"s":{"0":1,"1":1,"2":1,"3":1,"4":3,"5":3,"6":3,"7":3,"8":1,"9":1,"10":1,"11":0,"12":0,"13":0,"14":1,"15":1,"16":1,"17":0,"18":0,"19":0,"20":1,"21":1},"f":{"0":3,"1":0,"2":0},"b":{}}
,"C:\\Users\\harol\\projects\\madrox\\madrox\\src\\components\\ThirdParty\\ShadCn\\Alert\\index.ts": {"path":"C:\\Users\\harol\\projects\\madrox\\madrox\\src\\components\\ThirdParty\\ShadCn\\Alert\\index.ts","statementMap":{"0":{"start":{"line":1,"column":0},"end":{"line":1,"column":28}},"1":{"start":{"line":2,"column":0},"end":{"line":2,"column":26}}},"fnMap":{},"branchMap":{},"s":{"0":1,"1":1},"f":{},"b":{}}
,"C:\\Users\\harol\\projects\\madrox\\madrox\\src\\components\\ThirdParty\\ShadCn\\Alert\\variants.tsx": {"path":"C:\\Users\\harol\\projects\\madrox\\madrox\\src\\components\\ThirdParty\\ShadCn\\Alert\\variants.tsx","statementMap":{"0":{"start":{"line":1,"column":0},"end":{"line":1,"column":46}},"1":{"start":{"line":3,"column":13},"end":{"line":17,"column":null}}},"fnMap":{},"branchMap":{},"s":{"0":1,"1":1},"f":{},"b":{}}
,"C:\\Users\\harol\\projects\\madrox\\madrox\\src\\components\\ThirdParty\\ShadCn\\Button\\component.tsx": {"path":"C:\\Users\\harol\\projects\\madrox\\madrox\\src\\components\\ThirdParty\\ShadCn\\Button\\component.tsx","statementMap":{"0":{"start":{"line":1,"column":0},"end":{"line":1,"column":31}},"1":{"start":{"line":2,"column":0},"end":{"line":2,"column":55}},"2":{"start":{"line":4,"column":0},"end":{"line":4,"column":33}},"3":{"start":{"line":5,"column":0},"end":{"line":5,"column":34}},"4":{"start":{"line":25,"column":15},"end":{"line":61,"column":null}},"5":{"start":{"line":31,"column":15},"end":{"line":31,"column":null}},"6":{"start":{"line":32,"column":13},"end":{"line":32,"column":null}},"7":{"start":{"line":33,"column":10},"end":{"line":33,"column":null}},"8":{"start":{"line":34,"column":6},"end":{"line":34,"column":13}},"9":{"start":{"line":34,"column":13},"end":{"line":34,"column":null}},"10":{"start":{"line":35,"column":10},"end":{"line":35,"column":null}},"11":{"start":{"line":36,"column":19},"end":{"line":36,"column":null}},"12":{"start":{"line":37,"column":14},"end":{"line":38,"column":null}},"13":{"start":{"line":41,"column":17},"end":{"line":41,"column":42}},"14":{"start":{"line":42,"column":4},"end":{"line":60,"column":6}},"15":{"start":{"line":65,"column":9},"end":{"line":65,"column":15}},"16":{"start":{"line":63,"column":0},"end":{"line":63,"column":30}}},"fnMap":{"0":{"name":"(anonymous_9)","decl":{"start":{"line":29,"column":2},"end":{"line":29,"column":null}},"loc":{"start":{"line":39,"column":7},"end":{"line":61,"column":3}}}},"branchMap":{"0":{"loc":{"start":{"line":34,"column":13},"end":{"line":34,"column":null}},"type":"cond-expr","locations":[{"start":{"line":34,"column":16},"end":{"line":34,"column":21}},{"start":{"line":34,"column":21},"end":{"line":34,"column":null}}]},"1":{"loc":{"start":{"line":41,"column":17},"end":{"line":41,"column":42}},"type":"cond-expr","locations":[{"start":{"line":41,"column":27},"end":{"line":41,"column":31}},{"start":{"line":41,"column":34},"end":{"line":41,"column":42}}]},"2":{"loc":{"start":{"line":48,"column":9},"end":{"line":51,"column":null}},"type":"binary-expr","locations":[{"start":{"line":48,"column":9},"end":{"line":48,"column":13}},{"start":{"line":48,"column":17},"end":{"line":48,"column":41}},{"start":{"line":49,"column":10},"end":{"line":50,"column":null}}]},"3":{"loc":{"start":{"line":54,"column":9},"end":{"line":57,"column":null}},"type":"binary-expr","locations":[{"start":{"line":54,"column":9},"end":{"line":54,"column":13}},{"start":{"line":54,"column":17},"end":{"line":54,"column":42}},{"start":{"line":55,"column":10},"end":{"line":56,"column":null}}]}},"s":{"0":1,"1":1,"2":1,"3":1,"4":1,"5":18,"6":18,"7":18,"8":18,"9":18,"10":18,"11":18,"12":18,"13":18,"14":18,"15":1,"16":1},"f":{"0":18},"b":{"0":[18,0],"1":[0,18],"2":[18,0,0],"3":[18,0,0]}}
,"C:\\Users\\harol\\projects\\madrox\\madrox\\src\\components\\ThirdParty\\ShadCn\\Button\\index.ts": {"path":"C:\\Users\\harol\\projects\\madrox\\madrox\\src\\components\\ThirdParty\\ShadCn\\Button\\index.ts","statementMap":{"0":{"start":{"line":1,"column":0},"end":{"line":1,"column":28}},"1":{"start":{"line":2,"column":0},"end":{"line":2,"column":26}}},"fnMap":{},"branchMap":{},"s":{"0":1,"1":1},"f":{},"b":{}}
,"C:\\Users\\harol\\projects\\madrox\\madrox\\src\\components\\ThirdParty\\ShadCn\\Button\\variants.tsx": {"path":"C:\\Users\\harol\\projects\\madrox\\madrox\\src\\components\\ThirdParty\\ShadCn\\Button\\variants.tsx","statementMap":{"0":{"start":{"line":1,"column":0},"end":{"line":1,"column":47}},"1":{"start":{"line":3,"column":13},"end":{"line":44,"column":2}}},"fnMap":{},"branchMap":{},"s":{"0":1,"1":1},"f":{},"b":{}}
,"C:\\Users\\harol\\projects\\madrox\\madrox\\src\\lib\\utils.tsx": {"path":"C:\\Users\\harol\\projects\\madrox\\madrox\\src\\lib\\utils.tsx","statementMap":{"0":{"start":{"line":4,"column":0},"end":{"line":4,"column":16}},"1":{"start":{"line":1,"column":0},"end":{"line":1,"column":44}},"2":{"start":{"line":2,"column":0},"end":{"line":2,"column":40}},"3":{"start":{"line":4,"column":19},"end":{"line":4,"column":42}},"4":{"start":{"line":5,"column":2},"end":{"line":5,"column":null}}},"fnMap":{"0":{"name":"cn","decl":{"start":{"line":4,"column":16},"end":{"line":4,"column":18}},"loc":{"start":{"line":4,"column":18},"end":{"line":6,"column":1}}}},"branchMap":{},"s":{"0":2,"1":2,"2":2,"3":66,"4":21},"f":{"0":21},"b":{}}
}
