TN:
SF:src\components\ThirdParty\ShadCn\Alert\component.tsx
FN:9,(anonymous_9)
FN:22,(anonymous_10)
FN:34,(anonymous_11)
FNF:3
FNH:1
FNDA:3,(anonymous_9)
FNDA:0,(anonymous_10)
FNDA:0,(anonymous_11)
DA:1,1
DA:3,1
DA:4,1
DA:6,1
DA:9,3
DA:17,1
DA:19,1
DA:22,0
DA:29,1
DA:31,1
DA:34,0
DA:41,1
DA:43,1
LF:13
LH:11
BRF:0
BRH:0
end_of_record
TN:
SF:src\components\ThirdParty\ShadCn\Alert\index.ts
FNF:0
FNH:0
DA:1,1
DA:2,1
LF:2
LH:2
BRF:0
BRH:0
end_of_record
TN:
SF:src\components\ThirdParty\ShadCn\Alert\variants.tsx
FNF:0
FNH:0
DA:1,1
DA:3,1
LF:2
LH:2
BRF:0
BRH:0
end_of_record
TN:
SF:src\components\ThirdParty\ShadCn\Button\component.tsx
FN:29,(anonymous_9)
FNF:1
FNH:1
FNDA:18,(anonymous_9)
DA:1,1
DA:2,1
DA:4,1
DA:5,1
DA:25,1
DA:31,18
DA:32,18
DA:33,18
DA:34,18
DA:35,18
DA:36,18
DA:37,18
DA:41,18
DA:42,18
DA:63,1
DA:65,1
LF:16
LH:16
BRDA:34,0,0,18
BRDA:34,0,1,0
BRDA:41,1,0,0
BRDA:41,1,1,18
BRDA:48,2,0,18
BRDA:48,2,1,0
BRDA:48,2,2,0
BRDA:54,3,0,18
BRDA:54,3,1,0
BRDA:54,3,2,0
BRF:10
BRH:4
end_of_record
TN:
SF:src\components\ThirdParty\ShadCn\Button\index.ts
FNF:0
FNH:0
DA:1,1
DA:2,1
LF:2
LH:2
BRF:0
BRH:0
end_of_record
TN:
SF:src\components\ThirdParty\ShadCn\Button\variants.tsx
FNF:0
FNH:0
DA:1,1
DA:3,1
LF:2
LH:2
BRF:0
BRH:0
end_of_record
TN:
SF:src\lib\utils.tsx
FN:4,cn
FNF:1
FNH:1
FNDA:21,cn
DA:1,2
DA:2,2
DA:4,66
DA:5,21
LF:4
LH:4
BRF:0
BRH:0
end_of_record
